<?xml version="1.0" encoding="UTF-8"?>
<!-- Generated by org.testng.reporters.JUnitReportReporter -->
<testsuite skipped="0" hostname="DESKTOP-HSSFIF1" name="com.crm.qa.test.HomePageTest" tests="3" failures="0" timestamp="2019-12-12T17:49:45 IST" time="55.108" errors="0">
  <testcase name="VerifyHomePageTitleTest" time="21.046" classname="com.crm.qa.test.HomePageTest"/>
  <testcase name="VerifyUsernameTest" time="12.527" classname="com.crm.qa.test.HomePageTest"/>
  <testcase name="VerifyContactsLinkTest" time="21.535" classname="com.crm.qa.test.HomePageTest"/>
</testsuite> <!-- com.crm.qa.test.HomePageTest -->
