<?xml version="1.0" encoding="UTF-8"?>
<!-- Generated by org.testng.reporters.JUnitReportReporter -->
<testsuite skipped="0" hostname="DESKTOP-HSSFIF1" name="com.crm.qa.test.LoginPageTest" tests="1" failures="0" timestamp="2019-12-16T15:19:17 IST" time="60.664" errors="0">
  <testcase name="clickOnViewAllLinkTest" time="60.664" classname="com.crm.qa.test.LoginPageTest"/>
</testsuite> <!-- com.crm.qa.test.LoginPageTest -->
